<?xml version="1.0" encoding="UTF-8"?>
<!-- Generated by org.testng.reporters.JUnitReportReporter -->
<testsuite skipped="0" hostname="OPT-LTP-048" name="Academy.validateNavigationBar" tests="1" failures="0" timestamp="2021-04-21T12:32:25 IST" time="0.175" errors="0">
  <testcase name="validateAppNavBar" time="0.175" classname="Academy.validateNavigationBar"/>
  <system-out/>
</testsuite> <!-- Academy.validateNavigationBar -->
