<?xml version="1.0" encoding="UTF-8"?>
<!-- Generated by org.testng.reporters.JUnitReportReporter -->
<testsuite hostname="OPT-LTP-048" failures="0" tests="2" name="Academy.HomePage" time="7.141" errors="0" timestamp="2021-04-22T16:09:17 IST" skipped="0">
  <testcase classname="Academy.HomePage" name="basePageNavigation" time="3.831"/>
  <system-out/>
  <testcase classname="Academy.HomePage" name="basePageNavigation" time="3.310"/>
  <system-out/>
</testsuite> <!-- Academy.HomePage -->
