<?xml version="1.0" encoding="UTF-8"?>
<!-- Generated by org.testng.reporters.JUnitReportReporter -->
<testsuite hostname="OPT-LTP-048" failures="0" tests="2" name="Academy.validateTitle" time="0.094" errors="0" timestamp="2021-04-22T16:09:17 IST" skipped="0">
  <testcase classname="Academy.validateTitle" name="validateAppTitle" time="0.049"/>
  <system-out/>
  <testcase classname="Academy.validateTitle" name="validateHeader" time="0.045"/>
  <system-out/>
</testsuite> <!-- Academy.validateTitle -->
