<?xml version="1.0" encoding="UTF-8"?>
<!-- Generated by org.testng.reporters.JUnitReportReporter -->
<testsuite hostname="OPT-LTP-048" failures="0" tests="1" name="Academy.validateNavigationBar" time="0.147" errors="0" timestamp="2021-04-22T16:09:17 IST" skipped="0">
  <testcase classname="Academy.validateNavigationBar" name="validateAppNavBar" time="0.147"/>
  <system-out/>
</testsuite> <!-- Academy.validateNavigationBar -->
