<?xml version="1.0" encoding="UTF-8"?>
<!-- Generated by org.testng.reporters.JUnitReportReporter -->
<testsuite hostname="Kartik" failures="0" tests="1" name="cucumber.TestNGTestRunner" time="16.413" errors="0" timestamp="2025-02-17T10:06:11 IST" skipped="0">
  <testcase classname="cucumber.TestNGTestRunner" name="runScenario" time="16.413"/>
  <system-out/>
</testsuite> <!-- cucumber.TestNGTestRunner -->
