<?xml version="1.0" encoding="UTF-8"?>
<!-- Generated by org.testng.reporters.JUnitReportReporter -->
<testsuite skipped="0" hostname="OPT-LTP-048" name="Academy.HomePage" tests="2" failures="0" timestamp="2021-04-21T12:32:25 IST" time="20.295" errors="0">
  <testcase name="basePageNavigation" time="11.590" classname="Academy.HomePage"/>
  <system-out/>
  <testcase name="basePageNavigation" time="8.705" classname="Academy.HomePage"/>
  <system-out/>
</testsuite> <!-- Academy.HomePage -->
